2021-10-29 17:06:41 INFO logger.Console info Configuration.setPath: Directory was created: output/AMAZON_BASE_29-10-21(17-06-41)
2021-10-29 17:06:41 INFO logger.Console info Loader: Reading input from: AMAZON_BASE
2021-10-29 17:06:42 INFO logger.Console info MAIN: Configuration loaded -> {{CONTACTS=17.0, SAVED_DETAILED_AGENT_DECISIONS=0.0, LEARNING_PERIODS=100.0, PERIODS=300.0, LEVELS=2.0, BASE=1.2, SAVED_ENDORSEMENTS=0.0, SAVED_SALES_PER_MARKET=1.0, FRIENDS=0.7, MEMORY=-1.0, WOM=1.0, SCENARIO_START=100.0, AGENTS=50.0, GUI=1.0, SCENARIO=-1.0, COMPRESSED_RESULTS=1.0, MARKET_QUOTA=1.0, SAVED_AGENT_DECISIONS=0.0, REPETITIONS=99.0} }
2021-10-29 17:06:42 INFO logger.Console info Buyer: Buyer{ID=0, attribute=COMPANY SIZE[4.77], PRIVACY[4.78], WEBSITE CONTENT QUALITY[6.05], PREVIOUS EXPERIENCE IN THE WEB (SATISFACTION)[5.99], SECURITY OF THE WEB[5.65], SERVICE QUALITY[6.08], WEBSITE TECHNICAL QUALITY[5.74], WORD OF MOUTH[5.62], PRODUCTS OFFERING[5.99], COST SAVING[6.19], PRODUCT QUALITY[6.25], WEBSITE APPEARANCE[5.29], REPUTATION OF THE CHINESE B2C MARKETPLACE[5.94], CONSUMER REVIEWS[6.06], , knownMarkets={}, currentEvaluation={0.0}}
2021-10-29 17:06:42 INFO logger.Console info Buyer: Buyer{ID=1, attribute=COMPANY SIZE[4.77], PRIVACY[4.78], WEBSITE CONTENT QUALITY[6.05], PREVIOUS EXPERIENCE IN THE WEB (SATISFACTION)[5.99], SECURITY OF THE WEB[5.65], SERVICE QUALITY[6.08], WEBSITE TECHNICAL QUALITY[5.74], WORD OF MOUTH[5.62], PRODUCTS OFFERING[5.99], COST SAVING[6.19], PRODUCT QUALITY[6.25], WEBSITE APPEARANCE[5.29], REPUTATION OF THE CHINESE B2C MARKETPLACE[5.94], CONSUMER REVIEWS[6.06], , knownMarkets={}, currentEvaluation={0.0}}
2021-10-29 17:06:42 INFO logger.Console info Buyer: Buyer{ID=2, attribute=COMPANY SIZE[4.77], PRIVACY[4.78], WEBSITE CONTENT QUALITY[6.05], PREVIOUS EXPERIENCE IN THE WEB (SATISFACTION)[5.99], SECURITY OF THE WEB[5.65], SERVICE QUALITY[6.08], WEBSITE TECHNICAL QUALITY[5.74], WORD OF MOUTH[5.62], PRODUCTS OFFERING[5.99], COST SAVING[6.19], PRODUCT QUALITY[6.25], WEBSITE APPEARANCE[5.29], REPUTATION OF THE CHINESE B2C MARKETPLACE[5.94], CONSUMER REVIEWS[6.06], , knownMarkets={}, currentEvaluation={0.0}}
2021-10-29 17:06:42 INFO logger.Console info Buyer: Buyer{ID=3, attribute=COMPANY SIZE[4.77], PRIVACY[4.78], WEBSITE CONTENT QUALITY[6.05], PREVIOUS EXPERIENCE IN THE WEB (SATISFACTION)[5.99], SECURITY OF THE WEB[5.65], SERVICE QUALITY[6.08], WEBSITE TECHNICAL QUALITY[5.74], WORD OF MOUTH[5.62], PRODUCTS OFFERING[5.99], COST SAVING[6.19], PRODUCT QUALITY[6.25], WEBSITE APPEARANCE[5.29], REPUTATION OF THE CHINESE B2C MARKETPLACE[5.94], CONSUMER REVIEWS[6.06], , knownMarkets={}, currentEvaluation={0.0}}
2021-10-29 17:06:42 INFO logger.Console info Buyer: Buyer{ID=4, attribute=COMPANY SIZE[4.77], PRIVACY[4.78], WEBSITE CONTENT QUALITY[6.05], PREVIOUS EXPERIENCE IN THE WEB (SATISFACTION)[5.99], SECURITY OF THE WEB[5.65], SERVICE QUALITY[6.08], WEBSITE TECHNICAL QUALITY[5.74], WORD OF MOUTH[5.62], PRODUCTS OFFERING[5.99], COST SAVING[6.19], PRODUCT QUALITY[6.25], WEBSITE APPEARANCE[5.29], REPUTATION OF THE CHINESE B2C MARKETPLACE[5.94], CONSUMER REVIEWS[6.06], , knownMarkets={}, currentEvaluation={0.0}}
2021-10-29 17:06:42 INFO logger.Console info Buyer: Buyer{ID=5, attribute=COMPANY SIZE[4.77], PRIVACY[4.78], WEBSITE CONTENT QUALITY[6.05], PREVIOUS EXPERIENCE IN THE WEB (SATISFACTION)[5.99], SECURITY OF THE WEB[5.65], SERVICE QUALITY[6.08], WEBSITE TECHNICAL QUALITY[5.74], WORD OF MOUTH[5.62], PRODUCTS OFFERING[5.99], COST SAVING[6.19], PRODUCT QUALITY[6.25], WEBSITE APPEARANCE[5.29], REPUTATION OF THE CHINESE B2C MARKETPLACE[5.94], CONSUMER REVIEWS[6.06], , knownMarkets={}, currentEvaluation={0.0}}
2021-10-29 17:06:42 INFO logger.Console info Buyer: Buyer{ID=6, attribute=COMPANY SIZE[4.77], PRIVACY[4.78], WEBSITE CONTENT QUALITY[6.05], PREVIOUS EXPERIENCE IN THE WEB (SATISFACTION)[5.99], SECURITY OF THE WEB[5.65], SERVICE QUALITY[6.08], WEBSITE TECHNICAL QUALITY[5.74], WORD OF MOUTH[5.62], PRODUCTS OFFERING[5.99], COST SAVING[6.19], PRODUCT QUALITY[6.25], WEBSITE APPEARANCE[5.29], REPUTATION OF THE CHINESE B2C MARKETPLACE[5.94], CONSUMER REVIEWS[6.06], , knownMarkets={}, currentEvaluation={0.0}}
2021-10-29 17:06:42 INFO logger.Console info Buyer: Buyer{ID=7, attribute=COMPANY SIZE[4.77], PRIVACY[4.78], WEBSITE CONTENT QUALITY[6.05], PREVIOUS EXPERIENCE IN THE WEB (SATISFACTION)[5.99], SECURITY OF THE WEB[5.65], SERVICE QUALITY[6.08], WEBSITE TECHNICAL QUALITY[5.74], WORD OF MOUTH[5.62], PRODUCTS OFFERING[5.99], COST SAVING[6.19], PRODUCT QUALITY[6.25], WEBSITE APPEARANCE[5.29], REPUTATION OF THE CHINESE B2C MARKETPLACE[5.94], CONSUMER REVIEWS[6.06], , knownMarkets={}, currentEvaluation={0.0}}
2021-10-29 17:06:42 INFO logger.Console info Buyer: Buyer{ID=8, attribute=COMPANY SIZE[4.77], PRIVACY[4.78], WEBSITE CONTENT QUALITY[6.05], PREVIOUS EXPERIENCE IN THE WEB (SATISFACTION)[5.99], SECURITY OF THE WEB[5.65], SERVICE QUALITY[6.08], WEBSITE TECHNICAL QUALITY[5.74], WORD OF MOUTH[5.62], PRODUCTS OFFERING[5.99], COST SAVING[6.19], PRODUCT QUALITY[6.25], WEBSITE APPEARANCE[5.29], REPUTATION OF THE CHINESE B2C MARKETPLACE[5.94], CONSUMER REVIEWS[6.06], , knownMarkets={}, currentEvaluation={0.0}}
2021-10-29 17:06:42 INFO logger.Console info Buyer: Buyer{ID=9, attribute=COMPANY SIZE[4.77], PRIVACY[4.78], WEBSITE CONTENT QUALITY[6.05], PREVIOUS EXPERIENCE IN THE WEB (SATISFACTION)[5.99], SECURITY OF THE WEB[5.65], SERVICE QUALITY[6.08], WEBSITE TECHNICAL QUALITY[5.74], WORD OF MOUTH[5.62], PRODUCTS OFFERING[5.99], COST SAVING[6.19], PRODUCT QUALITY[6.25], WEBSITE APPEARANCE[5.29], REPUTATION OF THE CHINESE B2C MARKETPLACE[5.94], CONSUMER REVIEWS[6.06], , knownMarkets={}, currentEvaluation={0.0}}
2021-10-29 17:06:42 INFO logger.Console info Buyer: Buyer{ID=10, attribute=COMPANY SIZE[4.77], PRIVACY[4.78], WEBSITE CONTENT QUALITY[6.05], PREVIOUS EXPERIENCE IN THE WEB (SATISFACTION)[5.99], SECURITY OF THE WEB[5.65], SERVICE QUALITY[6.08], WEBSITE TECHNICAL QUALITY[5.74], WORD OF MOUTH[5.62], PRODUCTS OFFERING[5.99], COST SAVING[6.19], PRODUCT QUALITY[6.25], WEBSITE APPEARANCE[5.29], REPUTATION OF THE CHINESE B2C MARKETPLACE[5.94], CONSUMER REVIEWS[6.06], , knownMarkets={}, currentEvaluation={0.0}}
2021-10-29 17:06:42 INFO logger.Console info Buyer: Buyer{ID=11, attribute=COMPANY SIZE[4.77], PRIVACY[4.78], WEBSITE CONTENT QUALITY[6.05], PREVIOUS EXPERIENCE IN THE WEB (SATISFACTION)[5.99], SECURITY OF THE WEB[5.65], SERVICE QUALITY[6.08], WEBSITE TECHNICAL QUALITY[5.74], WORD OF MOUTH[5.62], PRODUCTS OFFERING[5.99], COST SAVING[6.19], PRODUCT QUALITY[6.25], WEBSITE APPEARANCE[5.29], REPUTATION OF THE CHINESE B2C MARKETPLACE[5.94], CONSUMER REVIEWS[6.06], , knownMarkets={}, currentEvaluation={0.0}}
2021-10-29 17:06:42 INFO logger.Console info Buyer: Buyer{ID=12, attribute=COMPANY SIZE[4.77], PRIVACY[4.78], WEBSITE CONTENT QUALITY[6.05], PREVIOUS EXPERIENCE IN THE WEB (SATISFACTION)[5.99], SECURITY OF THE WEB[5.65], SERVICE QUALITY[6.08], WEBSITE TECHNICAL QUALITY[5.74], WORD OF MOUTH[5.62], PRODUCTS OFFERING[5.99], COST SAVING[6.19], PRODUCT QUALITY[6.25], WEBSITE APPEARANCE[5.29], REPUTATION OF THE CHINESE B2C MARKETPLACE[5.94], CONSUMER REVIEWS[6.06], , knownMarkets={}, currentEvaluation={0.0}}
2021-10-29 17:06:42 INFO logger.Console info Buyer: Buyer{ID=13, attribute=COMPANY SIZE[4.77], PRIVACY[4.78], WEBSITE CONTENT QUALITY[6.05], PREVIOUS EXPERIENCE IN THE WEB (SATISFACTION)[5.99], SECURITY OF THE WEB[5.65], SERVICE QUALITY[6.08], WEBSITE TECHNICAL QUALITY[5.74], WORD OF MOUTH[5.62], PRODUCTS OFFERING[5.99], COST SAVING[6.19], PRODUCT QUALITY[6.25], WEBSITE APPEARANCE[5.29], REPUTATION OF THE CHINESE B2C MARKETPLACE[5.94], CONSUMER REVIEWS[6.06], , knownMarkets={}, currentEvaluation={0.0}}
2021-10-29 17:06:42 INFO logger.Console info Buyer: Buyer{ID=14, attribute=COMPANY SIZE[4.77], PRIVACY[4.78], WEBSITE CONTENT QUALITY[6.05], PREVIOUS EXPERIENCE IN THE WEB (SATISFACTION)[5.99], SECURITY OF THE WEB[5.65], SERVICE QUALITY[6.08], WEBSITE TECHNICAL QUALITY[5.74], WORD OF MOUTH[5.62], PRODUCTS OFFERING[5.99], COST SAVING[6.19], PRODUCT QUALITY[6.25], WEBSITE APPEARANCE[5.29], REPUTATION OF THE CHINESE B2C MARKETPLACE[5.94], CONSUMER REVIEWS[6.06], , knownMarkets={}, currentEvaluation={0.0}}
2021-10-29 17:06:42 INFO logger.Console info Buyer: Buyer{ID=15, attribute=COMPANY SIZE[4.77], PRIVACY[4.78], WEBSITE CONTENT QUALITY[6.05], PREVIOUS EXPERIENCE IN THE WEB (SATISFACTION)[5.99], SECURITY OF THE WEB[5.65], SERVICE QUALITY[6.08], WEBSITE TECHNICAL QUALITY[5.74], WORD OF MOUTH[5.62], PRODUCTS OFFERING[5.99], COST SAVING[6.19], PRODUCT QUALITY[6.25], WEBSITE APPEARANCE[5.29], REPUTATION OF THE CHINESE B2C MARKETPLACE[5.94], CONSUMER REVIEWS[6.06], , knownMarkets={}, currentEvaluation={0.0}}
2021-10-29 17:06:42 INFO logger.Console info Buyer: Buyer{ID=16, attribute=COMPANY SIZE[4.77], PRIVACY[4.78], WEBSITE CONTENT QUALITY[6.05], PREVIOUS EXPERIENCE IN THE WEB (SATISFACTION)[5.99], SECURITY OF THE WEB[5.65], SERVICE QUALITY[6.08], WEBSITE TECHNICAL QUALITY[5.74], WORD OF MOUTH[5.62], PRODUCTS OFFERING[5.99], COST SAVING[6.19], PRODUCT QUALITY[6.25], WEBSITE APPEARANCE[5.29], REPUTATION OF THE CHINESE B2C MARKETPLACE[5.94], CONSUMER REVIEWS[6.06], , knownMarkets={}, currentEvaluation={0.0}}
2021-10-29 17:06:42 INFO logger.Console info Buyer: Buyer{ID=17, attribute=COMPANY SIZE[4.77], PRIVACY[4.78], WEBSITE CONTENT QUALITY[6.05], PREVIOUS EXPERIENCE IN THE WEB (SATISFACTION)[5.99], SECURITY OF THE WEB[5.65], SERVICE QUALITY[6.08], WEBSITE TECHNICAL QUALITY[5.74], WORD OF MOUTH[5.62], PRODUCTS OFFERING[5.99], COST SAVING[6.19], PRODUCT QUALITY[6.25], WEBSITE APPEARANCE[5.29], REPUTATION OF THE CHINESE B2C MARKETPLACE[5.94], CONSUMER REVIEWS[6.06], , knownMarkets={}, currentEvaluation={0.0}}
2021-10-29 17:06:42 INFO logger.Console info Buyer: Buyer{ID=18, attribute=COMPANY SIZE[4.77], PRIVACY[4.78], WEBSITE CONTENT QUALITY[6.05], PREVIOUS EXPERIENCE IN THE WEB (SATISFACTION)[5.99], SECURITY OF THE WEB[5.65], SERVICE QUALITY[6.08], WEBSITE TECHNICAL QUALITY[5.74], WORD OF MOUTH[5.62], PRODUCTS OFFERING[5.99], COST SAVING[6.19], PRODUCT QUALITY[6.25], WEBSITE APPEARANCE[5.29], REPUTATION OF THE CHINESE B2C MARKETPLACE[5.94], CONSUMER REVIEWS[6.06], , knownMarkets={}, currentEvaluation={0.0}}
2021-10-29 17:06:42 INFO logger.Console info Buyer: Buyer{ID=19, attribute=COMPANY SIZE[4.77], PRIVACY[4.78], WEBSITE CONTENT QUALITY[6.05], PREVIOUS EXPERIENCE IN THE WEB (SATISFACTION)[5.99], SECURITY OF THE WEB[5.65], SERVICE QUALITY[6.08], WEBSITE TECHNICAL QUALITY[5.74], WORD OF MOUTH[5.62], PRODUCTS OFFERING[5.99], COST SAVING[6.19], PRODUCT QUALITY[6.25], WEBSITE APPEARANCE[5.29], REPUTATION OF THE CHINESE B2C MARKETPLACE[5.94], CONSUMER REVIEWS[6.06], , knownMarkets={}, currentEvaluation={0.0}}
2021-10-29 17:06:42 INFO logger.Console info Buyer: Buyer{ID=20, attribute=COMPANY SIZE[4.77], PRIVACY[4.78], WEBSITE CONTENT QUALITY[6.05], PREVIOUS EXPERIENCE IN THE WEB (SATISFACTION)[5.99], SECURITY OF THE WEB[5.65], SERVICE QUALITY[6.08], WEBSITE TECHNICAL QUALITY[5.74], WORD OF MOUTH[5.62], PRODUCTS OFFERING[5.99], COST SAVING[6.19], PRODUCT QUALITY[6.25], WEBSITE APPEARANCE[5.29], REPUTATION OF THE CHINESE B2C MARKETPLACE[5.94], CONSUMER REVIEWS[6.06], , knownMarkets={}, currentEvaluation={0.0}}
2021-10-29 17:06:42 INFO logger.Console info Buyer: Buyer{ID=21, attribute=COMPANY SIZE[4.77], PRIVACY[4.78], WEBSITE CONTENT QUALITY[6.05], PREVIOUS EXPERIENCE IN THE WEB (SATISFACTION)[5.99], SECURITY OF THE WEB[5.65], SERVICE QUALITY[6.08], WEBSITE TECHNICAL QUALITY[5.74], WORD OF MOUTH[5.62], PRODUCTS OFFERING[5.99], COST SAVING[6.19], PRODUCT QUALITY[6.25], WEBSITE APPEARANCE[5.29], REPUTATION OF THE CHINESE B2C MARKETPLACE[5.94], CONSUMER REVIEWS[6.06], , knownMarkets={}, currentEvaluation={0.0}}
2021-10-29 17:06:42 INFO logger.Console info Buyer: Buyer{ID=22, attribute=COMPANY SIZE[4.77], PRIVACY[4.78], WEBSITE CONTENT QUALITY[6.05], PREVIOUS EXPERIENCE IN THE WEB (SATISFACTION)[5.99], SECURITY OF THE WEB[5.65], SERVICE QUALITY[6.08], WEBSITE TECHNICAL QUALITY[5.74], WORD OF MOUTH[5.62], PRODUCTS OFFERING[5.99], COST SAVING[6.19], PRODUCT QUALITY[6.25], WEBSITE APPEARANCE[5.29], REPUTATION OF THE CHINESE B2C MARKETPLACE[5.94], CONSUMER REVIEWS[6.06], , knownMarkets={}, currentEvaluation={0.0}}
2021-10-29 17:06:42 INFO logger.Console info Buyer: Buyer{ID=23, attribute=COMPANY SIZE[4.77], PRIVACY[4.78], WEBSITE CONTENT QUALITY[6.05], PREVIOUS EXPERIENCE IN THE WEB (SATISFACTION)[5.99], SECURITY OF THE WEB[5.65], SERVICE QUALITY[6.08], WEBSITE TECHNICAL QUALITY[5.74], WORD OF MOUTH[5.62], PRODUCTS OFFERING[5.99], COST SAVING[6.19], PRODUCT QUALITY[6.25], WEBSITE APPEARANCE[5.29], REPUTATION OF THE CHINESE B2C MARKETPLACE[5.94], CONSUMER REVIEWS[6.06], , knownMarkets={}, currentEvaluation={0.0}}
2021-10-29 17:06:42 INFO logger.Console info Buyer: Buyer{ID=24, attribute=COMPANY SIZE[4.77], PRIVACY[4.78], WEBSITE CONTENT QUALITY[6.05], PREVIOUS EXPERIENCE IN THE WEB (SATISFACTION)[5.99], SECURITY OF THE WEB[5.65], SERVICE QUALITY[6.08], WEBSITE TECHNICAL QUALITY[5.74], WORD OF MOUTH[5.62], PRODUCTS OFFERING[5.99], COST SAVING[6.19], PRODUCT QUALITY[6.25], WEBSITE APPEARANCE[5.29], REPUTATION OF THE CHINESE B2C MARKETPLACE[5.94], CONSUMER REVIEWS[6.06], , knownMarkets={}, currentEvaluation={0.0}}
2021-10-29 17:06:42 INFO logger.Console info Buyer: Buyer{ID=25, attribute=COMPANY SIZE[4.77], PRIVACY[4.78], WEBSITE CONTENT QUALITY[6.05], PREVIOUS EXPERIENCE IN THE WEB (SATISFACTION)[5.99], SECURITY OF THE WEB[5.65], SERVICE QUALITY[6.08], WEBSITE TECHNICAL QUALITY[5.74], WORD OF MOUTH[5.62], PRODUCTS OFFERING[5.99], COST SAVING[6.19], PRODUCT QUALITY[6.25], WEBSITE APPEARANCE[5.29], REPUTATION OF THE CHINESE B2C MARKETPLACE[5.94], CONSUMER REVIEWS[6.06], , knownMarkets={}, currentEvaluation={0.0}}
2021-10-29 17:06:42 INFO logger.Console info Buyer: Buyer{ID=26, attribute=COMPANY SIZE[4.77], PRIVACY[4.78], WEBSITE CONTENT QUALITY[6.05], PREVIOUS EXPERIENCE IN THE WEB (SATISFACTION)[5.99], SECURITY OF THE WEB[5.65], SERVICE QUALITY[6.08], WEBSITE TECHNICAL QUALITY[5.74], WORD OF MOUTH[5.62], PRODUCTS OFFERING[5.99], COST SAVING[6.19], PRODUCT QUALITY[6.25], WEBSITE APPEARANCE[5.29], REPUTATION OF THE CHINESE B2C MARKETPLACE[5.94], CONSUMER REVIEWS[6.06], , knownMarkets={}, currentEvaluation={0.0}}
2021-10-29 17:06:42 INFO logger.Console info Buyer: Buyer{ID=27, attribute=COMPANY SIZE[4.77], PRIVACY[4.78], WEBSITE CONTENT QUALITY[6.05], PREVIOUS EXPERIENCE IN THE WEB (SATISFACTION)[5.99], SECURITY OF THE WEB[5.65], SERVICE QUALITY[6.08], WEBSITE TECHNICAL QUALITY[5.74], WORD OF MOUTH[5.62], PRODUCTS OFFERING[5.99], COST SAVING[6.19], PRODUCT QUALITY[6.25], WEBSITE APPEARANCE[5.29], REPUTATION OF THE CHINESE B2C MARKETPLACE[5.94], CONSUMER REVIEWS[6.06], , knownMarkets={}, currentEvaluation={0.0}}
2021-10-29 17:06:42 INFO logger.Console info Buyer: Buyer{ID=28, attribute=COMPANY SIZE[4.77], PRIVACY[4.78], WEBSITE CONTENT QUALITY[6.05], PREVIOUS EXPERIENCE IN THE WEB (SATISFACTION)[5.99], SECURITY OF THE WEB[5.65], SERVICE QUALITY[6.08], WEBSITE TECHNICAL QUALITY[5.74], WORD OF MOUTH[5.62], PRODUCTS OFFERING[5.99], COST SAVING[6.19], PRODUCT QUALITY[6.25], WEBSITE APPEARANCE[5.29], REPUTATION OF THE CHINESE B2C MARKETPLACE[5.94], CONSUMER REVIEWS[6.06], , knownMarkets={}, currentEvaluation={0.0}}
2021-10-29 17:06:42 INFO logger.Console info Buyer: Buyer{ID=29, attribute=COMPANY SIZE[4.77], PRIVACY[4.78], WEBSITE CONTENT QUALITY[6.05], PREVIOUS EXPERIENCE IN THE WEB (SATISFACTION)[5.99], SECURITY OF THE WEB[5.65], SERVICE QUALITY[6.08], WEBSITE TECHNICAL QUALITY[5.74], WORD OF MOUTH[5.62], PRODUCTS OFFERING[5.99], COST SAVING[6.19], PRODUCT QUALITY[6.25], WEBSITE APPEARANCE[5.29], REPUTATION OF THE CHINESE B2C MARKETPLACE[5.94], CONSUMER REVIEWS[6.06], , knownMarkets={}, currentEvaluation={0.0}}
2021-10-29 17:06:42 INFO logger.Console info Buyer: Buyer{ID=30, attribute=COMPANY SIZE[4.77], PRIVACY[4.78], WEBSITE CONTENT QUALITY[6.05], PREVIOUS EXPERIENCE IN THE WEB (SATISFACTION)[5.99], SECURITY OF THE WEB[5.65], SERVICE QUALITY[6.08], WEBSITE TECHNICAL QUALITY[5.74], WORD OF MOUTH[5.62], PRODUCTS OFFERING[5.99], COST SAVING[6.19], PRODUCT QUALITY[6.25], WEBSITE APPEARANCE[5.29], REPUTATION OF THE CHINESE B2C MARKETPLACE[5.94], CONSUMER REVIEWS[6.06], , knownMarkets={}, currentEvaluation={0.0}}
2021-10-29 17:06:42 INFO logger.Console info Buyer: Buyer{ID=31, attribute=COMPANY SIZE[4.77], PRIVACY[4.78], WEBSITE CONTENT QUALITY[6.05], PREVIOUS EXPERIENCE IN THE WEB (SATISFACTION)[5.99], SECURITY OF THE WEB[5.65], SERVICE QUALITY[6.08], WEBSITE TECHNICAL QUALITY[5.74], WORD OF MOUTH[5.62], PRODUCTS OFFERING[5.99], COST SAVING[6.19], PRODUCT QUALITY[6.25], WEBSITE APPEARANCE[5.29], REPUTATION OF THE CHINESE B2C MARKETPLACE[5.94], CONSUMER REVIEWS[6.06], , knownMarkets={}, currentEvaluation={0.0}}
2021-10-29 17:06:42 INFO logger.Console info Buyer: Buyer{ID=32, attribute=COMPANY SIZE[4.77], PRIVACY[4.78], WEBSITE CONTENT QUALITY[6.05], PREVIOUS EXPERIENCE IN THE WEB (SATISFACTION)[5.99], SECURITY OF THE WEB[5.65], SERVICE QUALITY[6.08], WEBSITE TECHNICAL QUALITY[5.74], WORD OF MOUTH[5.62], PRODUCTS OFFERING[5.99], COST SAVING[6.19], PRODUCT QUALITY[6.25], WEBSITE APPEARANCE[5.29], REPUTATION OF THE CHINESE B2C MARKETPLACE[5.94], CONSUMER REVIEWS[6.06], , knownMarkets={}, currentEvaluation={0.0}}
2021-10-29 17:06:42 INFO logger.Console info Buyer: Buyer{ID=33, attribute=COMPANY SIZE[4.77], PRIVACY[4.78], WEBSITE CONTENT QUALITY[6.05], PREVIOUS EXPERIENCE IN THE WEB (SATISFACTION)[5.99], SECURITY OF THE WEB[5.65], SERVICE QUALITY[6.08], WEBSITE TECHNICAL QUALITY[5.74], WORD OF MOUTH[5.62], PRODUCTS OFFERING[5.99], COST SAVING[6.19], PRODUCT QUALITY[6.25], WEBSITE APPEARANCE[5.29], REPUTATION OF THE CHINESE B2C MARKETPLACE[5.94], CONSUMER REVIEWS[6.06], , knownMarkets={}, currentEvaluation={0.0}}
2021-10-29 17:06:42 INFO logger.Console info Buyer: Buyer{ID=34, attribute=COMPANY SIZE[4.77], PRIVACY[4.78], WEBSITE CONTENT QUALITY[6.05], PREVIOUS EXPERIENCE IN THE WEB (SATISFACTION)[5.99], SECURITY OF THE WEB[5.65], SERVICE QUALITY[6.08], WEBSITE TECHNICAL QUALITY[5.74], WORD OF MOUTH[5.62], PRODUCTS OFFERING[5.99], COST SAVING[6.19], PRODUCT QUALITY[6.25], WEBSITE APPEARANCE[5.29], REPUTATION OF THE CHINESE B2C MARKETPLACE[5.94], CONSUMER REVIEWS[6.06], , knownMarkets={}, currentEvaluation={0.0}}
2021-10-29 17:06:42 INFO logger.Console info Buyer: Buyer{ID=35, attribute=COMPANY SIZE[4.77], PRIVACY[4.78], WEBSITE CONTENT QUALITY[6.05], PREVIOUS EXPERIENCE IN THE WEB (SATISFACTION)[5.99], SECURITY OF THE WEB[5.65], SERVICE QUALITY[6.08], WEBSITE TECHNICAL QUALITY[5.74], WORD OF MOUTH[5.62], PRODUCTS OFFERING[5.99], COST SAVING[6.19], PRODUCT QUALITY[6.25], WEBSITE APPEARANCE[5.29], REPUTATION OF THE CHINESE B2C MARKETPLACE[5.94], CONSUMER REVIEWS[6.06], , knownMarkets={}, currentEvaluation={0.0}}
2021-10-29 17:06:42 INFO logger.Console info Buyer: Buyer{ID=36, attribute=COMPANY SIZE[4.77], PRIVACY[4.78], WEBSITE CONTENT QUALITY[6.05], PREVIOUS EXPERIENCE IN THE WEB (SATISFACTION)[5.99], SECURITY OF THE WEB[5.65], SERVICE QUALITY[6.08], WEBSITE TECHNICAL QUALITY[5.74], WORD OF MOUTH[5.62], PRODUCTS OFFERING[5.99], COST SAVING[6.19], PRODUCT QUALITY[6.25], WEBSITE APPEARANCE[5.29], REPUTATION OF THE CHINESE B2C MARKETPLACE[5.94], CONSUMER REVIEWS[6.06], , knownMarkets={}, currentEvaluation={0.0}}
2021-10-29 17:06:42 INFO logger.Console info Buyer: Buyer{ID=37, attribute=COMPANY SIZE[4.77], PRIVACY[4.78], WEBSITE CONTENT QUALITY[6.05], PREVIOUS EXPERIENCE IN THE WEB (SATISFACTION)[5.99], SECURITY OF THE WEB[5.65], SERVICE QUALITY[6.08], WEBSITE TECHNICAL QUALITY[5.74], WORD OF MOUTH[5.62], PRODUCTS OFFERING[5.99], COST SAVING[6.19], PRODUCT QUALITY[6.25], WEBSITE APPEARANCE[5.29], REPUTATION OF THE CHINESE B2C MARKETPLACE[5.94], CONSUMER REVIEWS[6.06], , knownMarkets={}, currentEvaluation={0.0}}
2021-10-29 17:06:42 INFO logger.Console info Buyer: Buyer{ID=38, attribute=COMPANY SIZE[4.77], PRIVACY[4.78], WEBSITE CONTENT QUALITY[6.05], PREVIOUS EXPERIENCE IN THE WEB (SATISFACTION)[5.99], SECURITY OF THE WEB[5.65], SERVICE QUALITY[6.08], WEBSITE TECHNICAL QUALITY[5.74], WORD OF MOUTH[5.62], PRODUCTS OFFERING[5.99], COST SAVING[6.19], PRODUCT QUALITY[6.25], WEBSITE APPEARANCE[5.29], REPUTATION OF THE CHINESE B2C MARKETPLACE[5.94], CONSUMER REVIEWS[6.06], , knownMarkets={}, currentEvaluation={0.0}}
2021-10-29 17:06:42 INFO logger.Console info Buyer: Buyer{ID=39, attribute=COMPANY SIZE[4.77], PRIVACY[4.78], WEBSITE CONTENT QUALITY[6.05], PREVIOUS EXPERIENCE IN THE WEB (SATISFACTION)[5.99], SECURITY OF THE WEB[5.65], SERVICE QUALITY[6.08], WEBSITE TECHNICAL QUALITY[5.74], WORD OF MOUTH[5.62], PRODUCTS OFFERING[5.99], COST SAVING[6.19], PRODUCT QUALITY[6.25], WEBSITE APPEARANCE[5.29], REPUTATION OF THE CHINESE B2C MARKETPLACE[5.94], CONSUMER REVIEWS[6.06], , knownMarkets={}, currentEvaluation={0.0}}
2021-10-29 17:06:42 INFO logger.Console info Buyer: Buyer{ID=40, attribute=COMPANY SIZE[4.77], PRIVACY[4.78], WEBSITE CONTENT QUALITY[6.05], PREVIOUS EXPERIENCE IN THE WEB (SATISFACTION)[5.99], SECURITY OF THE WEB[5.65], SERVICE QUALITY[6.08], WEBSITE TECHNICAL QUALITY[5.74], WORD OF MOUTH[5.62], PRODUCTS OFFERING[5.99], COST SAVING[6.19], PRODUCT QUALITY[6.25], WEBSITE APPEARANCE[5.29], REPUTATION OF THE CHINESE B2C MARKETPLACE[5.94], CONSUMER REVIEWS[6.06], , knownMarkets={}, currentEvaluation={0.0}}
2021-10-29 17:06:42 INFO logger.Console info Buyer: Buyer{ID=41, attribute=COMPANY SIZE[4.77], PRIVACY[4.78], WEBSITE CONTENT QUALITY[6.05], PREVIOUS EXPERIENCE IN THE WEB (SATISFACTION)[5.99], SECURITY OF THE WEB[5.65], SERVICE QUALITY[6.08], WEBSITE TECHNICAL QUALITY[5.74], WORD OF MOUTH[5.62], PRODUCTS OFFERING[5.99], COST SAVING[6.19], PRODUCT QUALITY[6.25], WEBSITE APPEARANCE[5.29], REPUTATION OF THE CHINESE B2C MARKETPLACE[5.94], CONSUMER REVIEWS[6.06], , knownMarkets={}, currentEvaluation={0.0}}
2021-10-29 17:06:42 INFO logger.Console info Buyer: Buyer{ID=42, attribute=COMPANY SIZE[4.77], PRIVACY[4.78], WEBSITE CONTENT QUALITY[6.05], PREVIOUS EXPERIENCE IN THE WEB (SATISFACTION)[5.99], SECURITY OF THE WEB[5.65], SERVICE QUALITY[6.08], WEBSITE TECHNICAL QUALITY[5.74], WORD OF MOUTH[5.62], PRODUCTS OFFERING[5.99], COST SAVING[6.19], PRODUCT QUALITY[6.25], WEBSITE APPEARANCE[5.29], REPUTATION OF THE CHINESE B2C MARKETPLACE[5.94], CONSUMER REVIEWS[6.06], , knownMarkets={}, currentEvaluation={0.0}}
2021-10-29 17:06:42 INFO logger.Console info Buyer: Buyer{ID=43, attribute=COMPANY SIZE[4.77], PRIVACY[4.78], WEBSITE CONTENT QUALITY[6.05], PREVIOUS EXPERIENCE IN THE WEB (SATISFACTION)[5.99], SECURITY OF THE WEB[5.65], SERVICE QUALITY[6.08], WEBSITE TECHNICAL QUALITY[5.74], WORD OF MOUTH[5.62], PRODUCTS OFFERING[5.99], COST SAVING[6.19], PRODUCT QUALITY[6.25], WEBSITE APPEARANCE[5.29], REPUTATION OF THE CHINESE B2C MARKETPLACE[5.94], CONSUMER REVIEWS[6.06], , knownMarkets={}, currentEvaluation={0.0}}
2021-10-29 17:06:42 INFO logger.Console info Buyer: Buyer{ID=44, attribute=COMPANY SIZE[4.77], PRIVACY[4.78], WEBSITE CONTENT QUALITY[6.05], PREVIOUS EXPERIENCE IN THE WEB (SATISFACTION)[5.99], SECURITY OF THE WEB[5.65], SERVICE QUALITY[6.08], WEBSITE TECHNICAL QUALITY[5.74], WORD OF MOUTH[5.62], PRODUCTS OFFERING[5.99], COST SAVING[6.19], PRODUCT QUALITY[6.25], WEBSITE APPEARANCE[5.29], REPUTATION OF THE CHINESE B2C MARKETPLACE[5.94], CONSUMER REVIEWS[6.06], , knownMarkets={}, currentEvaluation={0.0}}
2021-10-29 17:06:42 INFO logger.Console info Buyer: Buyer{ID=45, attribute=COMPANY SIZE[4.77], PRIVACY[4.78], WEBSITE CONTENT QUALITY[6.05], PREVIOUS EXPERIENCE IN THE WEB (SATISFACTION)[5.99], SECURITY OF THE WEB[5.65], SERVICE QUALITY[6.08], WEBSITE TECHNICAL QUALITY[5.74], WORD OF MOUTH[5.62], PRODUCTS OFFERING[5.99], COST SAVING[6.19], PRODUCT QUALITY[6.25], WEBSITE APPEARANCE[5.29], REPUTATION OF THE CHINESE B2C MARKETPLACE[5.94], CONSUMER REVIEWS[6.06], , knownMarkets={}, currentEvaluation={0.0}}
2021-10-29 17:06:42 INFO logger.Console info Buyer: Buyer{ID=46, attribute=COMPANY SIZE[4.77], PRIVACY[4.78], WEBSITE CONTENT QUALITY[6.05], PREVIOUS EXPERIENCE IN THE WEB (SATISFACTION)[5.99], SECURITY OF THE WEB[5.65], SERVICE QUALITY[6.08], WEBSITE TECHNICAL QUALITY[5.74], WORD OF MOUTH[5.62], PRODUCTS OFFERING[5.99], COST SAVING[6.19], PRODUCT QUALITY[6.25], WEBSITE APPEARANCE[5.29], REPUTATION OF THE CHINESE B2C MARKETPLACE[5.94], CONSUMER REVIEWS[6.06], , knownMarkets={}, currentEvaluation={0.0}}
2021-10-29 17:06:42 INFO logger.Console info Buyer: Buyer{ID=47, attribute=COMPANY SIZE[4.77], PRIVACY[4.78], WEBSITE CONTENT QUALITY[6.05], PREVIOUS EXPERIENCE IN THE WEB (SATISFACTION)[5.99], SECURITY OF THE WEB[5.65], SERVICE QUALITY[6.08], WEBSITE TECHNICAL QUALITY[5.74], WORD OF MOUTH[5.62], PRODUCTS OFFERING[5.99], COST SAVING[6.19], PRODUCT QUALITY[6.25], WEBSITE APPEARANCE[5.29], REPUTATION OF THE CHINESE B2C MARKETPLACE[5.94], CONSUMER REVIEWS[6.06], , knownMarkets={}, currentEvaluation={0.0}}
2021-10-29 17:06:42 INFO logger.Console info Buyer: Buyer{ID=48, attribute=COMPANY SIZE[4.77], PRIVACY[4.78], WEBSITE CONTENT QUALITY[6.05], PREVIOUS EXPERIENCE IN THE WEB (SATISFACTION)[5.99], SECURITY OF THE WEB[5.65], SERVICE QUALITY[6.08], WEBSITE TECHNICAL QUALITY[5.74], WORD OF MOUTH[5.62], PRODUCTS OFFERING[5.99], COST SAVING[6.19], PRODUCT QUALITY[6.25], WEBSITE APPEARANCE[5.29], REPUTATION OF THE CHINESE B2C MARKETPLACE[5.94], CONSUMER REVIEWS[6.06], , knownMarkets={}, currentEvaluation={0.0}}
2021-10-29 17:06:42 INFO logger.Console info Buyer: Buyer{ID=49, attribute=COMPANY SIZE[4.77], PRIVACY[4.78], WEBSITE CONTENT QUALITY[6.05], PREVIOUS EXPERIENCE IN THE WEB (SATISFACTION)[5.99], SECURITY OF THE WEB[5.65], SERVICE QUALITY[6.08], WEBSITE TECHNICAL QUALITY[5.74], WORD OF MOUTH[5.62], PRODUCTS OFFERING[5.99], COST SAVING[6.19], PRODUCT QUALITY[6.25], WEBSITE APPEARANCE[5.29], REPUTATION OF THE CHINESE B2C MARKETPLACE[5.94], CONSUMER REVIEWS[6.06], , knownMarkets={}, currentEvaluation={0.0}}
2021-10-29 17:06:42 INFO logger.Console info Market: Market{id=0,name='ALIEXPRESS',quota='0.9227053140096618',attributes=Attributes{COMPANY SIZE [[0.134, 0.866]], PRIVACY [[0.401, 0.599]], WEBSITE CONTENT QUALITY [[0.393, 0.607]], PREVIOUS EXPERIENCE IN THE WEB (SATISFACTION) [[0.279, 0.721]], SECURITY OF THE WEB [[0.298, 0.702]], SERVICE QUALITY [[0.67, 0.32999999999999996]], WEBSITE TECHNICAL QUALITY [[0.246, 0.754]], PRODUCTS OFFERING [[0.131, 0.869]], COST SAVING [[0.217, 0.783]], PRODUCT QUALITY [[0.531, 0.469]], WEBSITE APPEARANCE [[0.285, 0.7150000000000001]], REPUTATION OF THE CHINESE B2C MARKETPLACE [[0.338, 0.6619999999999999]], CONSUMER REVIEWS [[0.0, 1.0]], }}
2021-10-29 17:06:42 INFO logger.Console info Market: Market{id=1,name='ALIBABA',quota='0.42512077294685985',attributes=Attributes{COMPANY SIZE [[0.205, 0.795]], PRIVACY [[0.54, 0.45999999999999996]], WEBSITE CONTENT QUALITY [[0.591, 0.40900000000000003]], PREVIOUS EXPERIENCE IN THE WEB (SATISFACTION) [[0.44, 0.56]], SECURITY OF THE WEB [[0.466, 0.534]], SERVICE QUALITY [[0.653, 0.347]], WEBSITE TECHNICAL QUALITY [[0.432, 0.5680000000000001]], PRODUCTS OFFERING [[0.273, 0.727]], COST SAVING [[0.165, 0.835]], PRODUCT QUALITY [[0.676, 0.32399999999999995]], WEBSITE APPEARANCE [[0.472, 0.528]], REPUTATION OF THE CHINESE B2C MARKETPLACE [[0.528, 0.472]], CONSUMER REVIEWS [[1.0, 0.0]], }}
2021-10-29 17:06:42 INFO logger.Console info Market: Market{id=2,name='WISH',quota='0.4130434782608695',attributes=Attributes{COMPANY SIZE [[0.269, 0.731]], PRIVACY [[0.213, 0.787]], WEBSITE CONTENT QUALITY [[0.591, 0.40900000000000003]], PREVIOUS EXPERIENCE IN THE WEB (SATISFACTION) [[0.568, 0.43200000000000005]], SECURITY OF THE WEB [[0.474, 0.526]], SERVICE QUALITY [[0.749, 0.251]], WEBSITE TECHNICAL QUALITY [[0.409, 0.591]], PRODUCTS OFFERING [[0.211, 0.789]], COST SAVING [[0.123, 0.877]], PRODUCT QUALITY [[0.719, 0.281]], WEBSITE APPEARANCE [[0.409, 0.591]], REPUTATION OF THE CHINESE B2C MARKETPLACE [[0.55, 0.44999999999999996]], CONSUMER REVIEWS [[0.0, 1.0]], }}
2021-10-29 17:06:42 INFO logger.Console info Market: Market{id=3,name='BANGGOOD',quota='0.10144927536231885',attributes=Attributes{COMPANY SIZE [[0.381, 0.619]], PRIVACY [[0.5, 0.5]], WEBSITE CONTENT QUALITY [[0.452, 0.548]], PREVIOUS EXPERIENCE IN THE WEB (SATISFACTION) [[0.176, 0.8240000000000001]], SECURITY OF THE WEB [[0.286, 0.714]], SERVICE QUALITY [[0.619, 0.381]], WEBSITE TECHNICAL QUALITY [[0.238, 0.762]], PRODUCTS OFFERING [[0.19, 0.81]], COST SAVING [[0.238, 0.762]], PRODUCT QUALITY [[0.524, 0.476]], WEBSITE APPEARANCE [[0.381, 0.619]], REPUTATION OF THE CHINESE B2C MARKETPLACE [[0.452, 0.548]], CONSUMER REVIEWS [[0.0, 1.0]], }}
2021-10-29 17:06:42 INFO logger.Console info Market: Market{id=4,name='LIGHTINTHEBOX',quota='0.11594202898550725',attributes=Attributes{COMPANY SIZE [[0.271, 0.729]], PRIVACY [[0.604, 0.396]], WEBSITE CONTENT QUALITY [[0.583, 0.41700000000000004]], PREVIOUS EXPERIENCE IN THE WEB (SATISFACTION) [[0.6, 0.4]], SECURITY OF THE WEB [[0.521, 0.479]], SERVICE QUALITY [[0.792, 0.20799999999999996]], WEBSITE TECHNICAL QUALITY [[0.417, 0.583]], PRODUCTS OFFERING [[0.271, 0.729]], COST SAVING [[0.125, 0.875]], PRODUCT QUALITY [[0.708, 0.29200000000000004]], WEBSITE APPEARANCE [[0.563, 0.43700000000000006]], REPUTATION OF THE CHINESE B2C MARKETPLACE [[0.583, 0.41700000000000004]], CONSUMER REVIEWS [[0.0, 1.0]], }}
2021-10-29 17:06:42 INFO logger.Console info Market: Market{id=5,name='OTHERS',quota='0.14251207729468598',attributes=Attributes{COMPANY SIZE [[0.407, 0.593]], PRIVACY [[0.576, 0.42400000000000004]], WEBSITE CONTENT QUALITY [[0.525, 0.475]], PREVIOUS EXPERIENCE IN THE WEB (SATISFACTION) [[0.429, 0.571]], SECURITY OF THE WEB [[0.373, 0.627]], SERVICE QUALITY [[0.797, 0.20299999999999996]], WEBSITE TECHNICAL QUALITY [[0.356, 0.644]], PRODUCTS OFFERING [[0.254, 0.746]], COST SAVING [[0.186, 0.8140000000000001]], PRODUCT QUALITY [[0.627, 0.373]], WEBSITE APPEARANCE [[0.441, 0.5589999999999999]], REPUTATION OF THE CHINESE B2C MARKETPLACE [[0.542, 0.45799999999999996]], CONSUMER REVIEWS [[0.0, 1.0]], }}
2021-10-29 17:06:42 INFO logger.Console info Market: Market{id=6,name='AMAZON',quota='0.988',attributes=Attributes{COMPANY SIZE [[0.054, 0.946]], PRIVACY [[0.257, 0.743]], WEBSITE CONTENT QUALITY [[0.086, 0.914]], PREVIOUS EXPERIENCE IN THE WEB (SATISFACTION) [[0.059, 0.941]], SECURITY OF THE WEB [[0.076, 0.924]], SERVICE QUALITY [[0.222, 0.778]], WEBSITE TECHNICAL QUALITY [[0.064, 0.936]], PRODUCTS OFFERING [[0.071, 0.929]], COST SAVING [[0.482, 0.518]], PRODUCT QUALITY [[0.122, 0.878]], WEBSITE APPEARANCE [[0.171, 0.829]], REPUTATION OF THE CHINESE B2C MARKETPLACE [[0.083, 0.917]], CONSUMER REVIEWS [[0.0, 1.0]], }}
2021-10-29 17:06:42 INFO logger.Console info Simulation: created with 50 buyers and 7 markets
2021-10-29 17:06:42 INFO logger.Console info Simulation{ID=1, periods=300, buyers=50, markets=7}
2021-10-29 17:06:42 INFO logger.Console info Simulation: Starting 1
2021-10-29 17:06:49 INFO logger.Console info Chart: Displaying Sales
2021-10-29 17:06:50 INFO logger.Console info Chart: Saving chart
2021-10-29 17:06:52 INFO logger.Console info Simulation{ID=2, periods=300, buyers=50, markets=7}
2021-10-29 17:06:52 INFO logger.Console info Simulation: Starting 2
2021-10-29 17:06:58 INFO logger.Console info Chart: Displaying Sales
2021-10-29 17:06:58 INFO logger.Console info Chart: Saving chart
2021-10-29 17:06:59 INFO logger.Console info Simulation{ID=3, periods=300, buyers=50, markets=7}
2021-10-29 17:06:59 INFO logger.Console info Simulation: Starting 3
2021-10-29 17:07:06 INFO logger.Console info Chart: Displaying Sales
2021-10-29 17:07:06 INFO logger.Console info Chart: Saving chart
2021-10-29 17:07:06 INFO logger.Console info Simulation{ID=4, periods=300, buyers=50, markets=7}
2021-10-29 17:07:06 INFO logger.Console info Simulation: Starting 4
2021-10-29 17:07:12 INFO logger.Console info Chart: Displaying Sales
2021-10-29 17:07:12 INFO logger.Console info Chart: Saving chart
2021-10-29 17:07:12 INFO logger.Console info Simulation{ID=5, periods=300, buyers=50, markets=7}
2021-10-29 17:07:12 INFO logger.Console info Simulation: Starting 5
2021-10-29 17:07:19 INFO logger.Console info Chart: Displaying Sales
2021-10-29 17:07:19 INFO logger.Console info Chart: Saving chart
2021-10-29 17:07:19 INFO logger.Console info Simulation{ID=6, periods=300, buyers=50, markets=7}
2021-10-29 17:07:19 INFO logger.Console info Simulation: Starting 6
2021-10-29 17:07:26 INFO logger.Console info Chart: Displaying Sales
2021-10-29 17:07:26 INFO logger.Console info Chart: Saving chart
2021-10-29 17:07:26 INFO logger.Console info Simulation{ID=7, periods=300, buyers=50, markets=7}
2021-10-29 17:07:26 INFO logger.Console info Simulation: Starting 7
2021-10-29 17:07:32 INFO logger.Console info Chart: Displaying Sales
2021-10-29 17:07:32 INFO logger.Console info Chart: Saving chart
2021-10-29 17:07:33 INFO logger.Console info Simulation{ID=8, periods=300, buyers=50, markets=7}
2021-10-29 17:07:33 INFO logger.Console info Simulation: Starting 8
2021-10-29 17:07:39 INFO logger.Console info Chart: Displaying Sales
2021-10-29 17:07:39 INFO logger.Console info Chart: Saving chart
2021-10-29 17:07:39 INFO logger.Console info Simulation{ID=9, periods=300, buyers=50, markets=7}
2021-10-29 17:07:39 INFO logger.Console info Simulation: Starting 9
2021-10-29 17:07:46 INFO logger.Console info Chart: Displaying Sales
2021-10-29 17:07:46 INFO logger.Console info Chart: Saving chart
2021-10-29 17:07:47 INFO logger.Console info Simulation{ID=10, periods=300, buyers=50, markets=7}
2021-10-29 17:07:47 INFO logger.Console info Simulation: Starting 10
2021-10-29 17:07:53 INFO logger.Console info Chart: Displaying Sales
2021-10-29 17:07:53 INFO logger.Console info Chart: Saving chart
2021-10-29 17:07:53 INFO logger.Console info Simulation{ID=11, periods=300, buyers=50, markets=7}
2021-10-29 17:07:53 INFO logger.Console info Simulation: Starting 11
2021-10-29 17:08:01 INFO logger.Console info Chart: Displaying Sales
2021-10-29 17:08:01 INFO logger.Console info Chart: Saving chart
2021-10-29 17:08:01 INFO logger.Console info Simulation{ID=12, periods=300, buyers=50, markets=7}
2021-10-29 17:08:01 INFO logger.Console info Simulation: Starting 12
2021-10-29 17:08:07 INFO logger.Console info Chart: Displaying Sales
2021-10-29 17:08:07 INFO logger.Console info Chart: Saving chart
2021-10-29 17:08:07 INFO logger.Console info Simulation{ID=13, periods=300, buyers=50, markets=7}
2021-10-29 17:08:07 INFO logger.Console info Simulation: Starting 13
2021-10-29 17:08:14 INFO logger.Console info Chart: Displaying Sales
2021-10-29 17:08:14 INFO logger.Console info Chart: Saving chart
2021-10-29 17:08:14 INFO logger.Console info Simulation{ID=14, periods=300, buyers=50, markets=7}
2021-10-29 17:08:14 INFO logger.Console info Simulation: Starting 14
2021-10-29 17:08:20 INFO logger.Console info Chart: Displaying Sales
2021-10-29 17:08:20 INFO logger.Console info Chart: Saving chart
2021-10-29 17:08:20 INFO logger.Console info Simulation{ID=15, periods=300, buyers=50, markets=7}
2021-10-29 17:08:20 INFO logger.Console info Simulation: Starting 15
2021-10-29 17:08:27 INFO logger.Console info Chart: Displaying Sales
2021-10-29 17:08:27 INFO logger.Console info Chart: Saving chart
2021-10-29 17:08:27 INFO logger.Console info Simulation{ID=16, periods=300, buyers=50, markets=7}
2021-10-29 17:08:27 INFO logger.Console info Simulation: Starting 16
2021-10-29 17:08:34 INFO logger.Console info Chart: Displaying Sales
2021-10-29 17:08:34 INFO logger.Console info Chart: Saving chart
2021-10-29 17:08:34 INFO logger.Console info Simulation{ID=17, periods=300, buyers=50, markets=7}
2021-10-29 17:08:34 INFO logger.Console info Simulation: Starting 17
2021-10-29 17:08:40 INFO logger.Console info Chart: Displaying Sales
2021-10-29 17:08:40 INFO logger.Console info Chart: Saving chart
2021-10-29 17:08:41 INFO logger.Console info Simulation{ID=18, periods=300, buyers=50, markets=7}
2021-10-29 17:08:41 INFO logger.Console info Simulation: Starting 18
2021-10-29 17:08:47 INFO logger.Console info Chart: Displaying Sales
2021-10-29 17:08:47 INFO logger.Console info Chart: Saving chart
2021-10-29 17:08:47 INFO logger.Console info Simulation{ID=19, periods=300, buyers=50, markets=7}
2021-10-29 17:08:47 INFO logger.Console info Simulation: Starting 19
2021-10-29 17:08:54 INFO logger.Console info Chart: Displaying Sales
2021-10-29 17:08:54 INFO logger.Console info Chart: Saving chart
2021-10-29 17:08:54 INFO logger.Console info Simulation{ID=20, periods=300, buyers=50, markets=7}
2021-10-29 17:08:54 INFO logger.Console info Simulation: Starting 20
2021-10-29 17:09:00 INFO logger.Console info Chart: Displaying Sales
2021-10-29 17:09:00 INFO logger.Console info Chart: Saving chart
2021-10-29 17:09:01 INFO logger.Console info Simulation{ID=21, periods=300, buyers=50, markets=7}
2021-10-29 17:09:01 INFO logger.Console info Simulation: Starting 21
2021-10-29 17:09:07 INFO logger.Console info Chart: Displaying Sales
2021-10-29 17:09:07 INFO logger.Console info Chart: Saving chart
2021-10-29 17:09:07 INFO logger.Console info Simulation{ID=22, periods=300, buyers=50, markets=7}
2021-10-29 17:09:07 INFO logger.Console info Simulation: Starting 22
2021-10-29 17:09:14 INFO logger.Console info Chart: Displaying Sales
2021-10-29 17:09:14 INFO logger.Console info Chart: Saving chart
2021-10-29 17:09:14 INFO logger.Console info Simulation{ID=23, periods=300, buyers=50, markets=7}
2021-10-29 17:09:14 INFO logger.Console info Simulation: Starting 23
2021-10-29 17:09:20 INFO logger.Console info Chart: Displaying Sales
2021-10-29 17:09:20 INFO logger.Console info Chart: Saving chart
2021-10-29 17:09:20 INFO logger.Console info Simulation{ID=24, periods=300, buyers=50, markets=7}
2021-10-29 17:09:20 INFO logger.Console info Simulation: Starting 24
2021-10-29 17:09:27 INFO logger.Console info Chart: Displaying Sales
2021-10-29 17:09:27 INFO logger.Console info Chart: Saving chart
2021-10-29 17:09:27 INFO logger.Console info Simulation{ID=25, periods=300, buyers=50, markets=7}
2021-10-29 17:09:27 INFO logger.Console info Simulation: Starting 25
2021-10-29 17:09:33 INFO logger.Console info Chart: Displaying Sales
2021-10-29 17:09:33 INFO logger.Console info Chart: Saving chart
2021-10-29 17:09:33 INFO logger.Console info Simulation{ID=26, periods=300, buyers=50, markets=7}
2021-10-29 17:09:33 INFO logger.Console info Simulation: Starting 26
2021-10-29 17:09:40 INFO logger.Console info Chart: Displaying Sales
2021-10-29 17:09:40 INFO logger.Console info Chart: Saving chart
2021-10-29 17:09:40 INFO logger.Console info Simulation{ID=27, periods=300, buyers=50, markets=7}
2021-10-29 17:09:40 INFO logger.Console info Simulation: Starting 27
2021-10-29 17:09:47 INFO logger.Console info Chart: Displaying Sales
2021-10-29 17:09:47 INFO logger.Console info Chart: Saving chart
2021-10-29 17:09:47 INFO logger.Console info Simulation{ID=28, periods=300, buyers=50, markets=7}
2021-10-29 17:09:47 INFO logger.Console info Simulation: Starting 28
2021-10-29 17:09:53 INFO logger.Console info Chart: Displaying Sales
2021-10-29 17:09:53 INFO logger.Console info Chart: Saving chart
2021-10-29 17:09:53 INFO logger.Console info Simulation{ID=29, periods=300, buyers=50, markets=7}
2021-10-29 17:09:53 INFO logger.Console info Simulation: Starting 29
2021-10-29 17:10:00 INFO logger.Console info Chart: Displaying Sales
2021-10-29 17:10:00 INFO logger.Console info Chart: Saving chart
2021-10-29 17:10:00 INFO logger.Console info Simulation{ID=30, periods=300, buyers=50, markets=7}
2021-10-29 17:10:00 INFO logger.Console info Simulation: Starting 30
2021-10-29 17:10:07 INFO logger.Console info Chart: Displaying Sales
2021-10-29 17:10:07 INFO logger.Console info Chart: Saving chart
2021-10-29 17:10:07 INFO logger.Console info Simulation{ID=31, periods=300, buyers=50, markets=7}
2021-10-29 17:10:07 INFO logger.Console info Simulation: Starting 31
2021-10-29 17:10:13 INFO logger.Console info Chart: Displaying Sales
2021-10-29 17:10:13 INFO logger.Console info Chart: Saving chart
2021-10-29 17:10:13 INFO logger.Console info Simulation{ID=32, periods=300, buyers=50, markets=7}
2021-10-29 17:10:13 INFO logger.Console info Simulation: Starting 32
2021-10-29 17:10:20 INFO logger.Console info Chart: Displaying Sales
2021-10-29 17:10:20 INFO logger.Console info Chart: Saving chart
2021-10-29 17:10:20 INFO logger.Console info Simulation{ID=33, periods=300, buyers=50, markets=7}
2021-10-29 17:10:20 INFO logger.Console info Simulation: Starting 33
2021-10-29 17:10:27 INFO logger.Console info Chart: Displaying Sales
2021-10-29 17:10:27 INFO logger.Console info Chart: Saving chart
2021-10-29 17:10:27 INFO logger.Console info Simulation{ID=34, periods=300, buyers=50, markets=7}
2021-10-29 17:10:27 INFO logger.Console info Simulation: Starting 34
2021-10-29 17:10:34 INFO logger.Console info Chart: Displaying Sales
2021-10-29 17:10:34 INFO logger.Console info Chart: Saving chart
2021-10-29 17:10:34 INFO logger.Console info Simulation{ID=35, periods=300, buyers=50, markets=7}
2021-10-29 17:10:34 INFO logger.Console info Simulation: Starting 35
2021-10-29 17:10:40 INFO logger.Console info Chart: Displaying Sales
2021-10-29 17:10:40 INFO logger.Console info Chart: Saving chart
2021-10-29 17:10:40 INFO logger.Console info Simulation{ID=36, periods=300, buyers=50, markets=7}
2021-10-29 17:10:40 INFO logger.Console info Simulation: Starting 36
2021-10-29 17:10:47 INFO logger.Console info Chart: Displaying Sales
2021-10-29 17:10:47 INFO logger.Console info Chart: Saving chart
2021-10-29 17:10:47 INFO logger.Console info Simulation{ID=37, periods=300, buyers=50, markets=7}
2021-10-29 17:10:47 INFO logger.Console info Simulation: Starting 37
2021-10-29 17:10:53 INFO logger.Console info Chart: Displaying Sales
2021-10-29 17:10:53 INFO logger.Console info Chart: Saving chart
2021-10-29 17:10:53 INFO logger.Console info Simulation{ID=38, periods=300, buyers=50, markets=7}
2021-10-29 17:10:53 INFO logger.Console info Simulation: Starting 38
2021-10-29 17:11:00 INFO logger.Console info Chart: Displaying Sales
2021-10-29 17:11:00 INFO logger.Console info Chart: Saving chart
2021-10-29 17:11:00 INFO logger.Console info Simulation{ID=39, periods=300, buyers=50, markets=7}
2021-10-29 17:11:00 INFO logger.Console info Simulation: Starting 39
2021-10-29 17:11:06 INFO logger.Console info Chart: Displaying Sales
2021-10-29 17:11:06 INFO logger.Console info Chart: Saving chart
2021-10-29 17:11:07 INFO logger.Console info Simulation{ID=40, periods=300, buyers=50, markets=7}
2021-10-29 17:11:07 INFO logger.Console info Simulation: Starting 40
2021-10-29 17:11:13 INFO logger.Console info Chart: Displaying Sales
2021-10-29 17:11:13 INFO logger.Console info Chart: Saving chart
2021-10-29 17:11:13 INFO logger.Console info Simulation{ID=41, periods=300, buyers=50, markets=7}
2021-10-29 17:11:13 INFO logger.Console info Simulation: Starting 41
2021-10-29 17:11:19 INFO logger.Console info Chart: Displaying Sales
2021-10-29 17:11:19 INFO logger.Console info Chart: Saving chart
2021-10-29 17:11:20 INFO logger.Console info Simulation{ID=42, periods=300, buyers=50, markets=7}
2021-10-29 17:11:20 INFO logger.Console info Simulation: Starting 42
2021-10-29 17:11:26 INFO logger.Console info Chart: Displaying Sales
2021-10-29 17:11:26 INFO logger.Console info Chart: Saving chart
2021-10-29 17:11:26 INFO logger.Console info Simulation{ID=43, periods=300, buyers=50, markets=7}
2021-10-29 17:11:26 INFO logger.Console info Simulation: Starting 43
2021-10-29 17:11:33 INFO logger.Console info Chart: Displaying Sales
2021-10-29 17:11:33 INFO logger.Console info Chart: Saving chart
2021-10-29 17:11:33 INFO logger.Console info Simulation{ID=44, periods=300, buyers=50, markets=7}
2021-10-29 17:11:33 INFO logger.Console info Simulation: Starting 44
2021-10-29 17:11:40 INFO logger.Console info Chart: Displaying Sales
2021-10-29 17:11:40 INFO logger.Console info Chart: Saving chart
2021-10-29 17:11:40 INFO logger.Console info Simulation{ID=45, periods=300, buyers=50, markets=7}
2021-10-29 17:11:40 INFO logger.Console info Simulation: Starting 45
2021-10-29 17:11:47 INFO logger.Console info Chart: Displaying Sales
2021-10-29 17:11:47 INFO logger.Console info Chart: Saving chart
2021-10-29 17:11:47 INFO logger.Console info Simulation{ID=46, periods=300, buyers=50, markets=7}
2021-10-29 17:11:47 INFO logger.Console info Simulation: Starting 46
2021-10-29 17:11:54 INFO logger.Console info Chart: Displaying Sales
2021-10-29 17:11:54 INFO logger.Console info Chart: Saving chart
2021-10-29 17:11:54 INFO logger.Console info Simulation{ID=47, periods=300, buyers=50, markets=7}
2021-10-29 17:11:54 INFO logger.Console info Simulation: Starting 47
2021-10-29 17:12:01 INFO logger.Console info Chart: Displaying Sales
2021-10-29 17:12:01 INFO logger.Console info Chart: Saving chart
2021-10-29 17:12:01 INFO logger.Console info Simulation{ID=48, periods=300, buyers=50, markets=7}
2021-10-29 17:12:01 INFO logger.Console info Simulation: Starting 48
2021-10-29 17:12:08 INFO logger.Console info Chart: Displaying Sales
2021-10-29 17:12:08 INFO logger.Console info Chart: Saving chart
2021-10-29 17:12:08 INFO logger.Console info Simulation{ID=49, periods=300, buyers=50, markets=7}
2021-10-29 17:12:08 INFO logger.Console info Simulation: Starting 49
2021-10-29 17:12:15 INFO logger.Console info Chart: Displaying Sales
2021-10-29 17:12:15 INFO logger.Console info Chart: Saving chart
2021-10-29 17:12:15 INFO logger.Console info Simulation{ID=50, periods=300, buyers=50, markets=7}
2021-10-29 17:12:15 INFO logger.Console info Simulation: Starting 50
2021-10-29 17:12:22 INFO logger.Console info Chart: Displaying Sales
2021-10-29 17:12:22 INFO logger.Console info Chart: Saving chart
2021-10-29 17:12:22 INFO logger.Console info Simulation{ID=51, periods=300, buyers=50, markets=7}
2021-10-29 17:12:22 INFO logger.Console info Simulation: Starting 51
2021-10-29 17:12:29 INFO logger.Console info Chart: Displaying Sales
2021-10-29 17:12:29 INFO logger.Console info Chart: Saving chart
2021-10-29 17:12:29 INFO logger.Console info Simulation{ID=52, periods=300, buyers=50, markets=7}
2021-10-29 17:12:29 INFO logger.Console info Simulation: Starting 52
2021-10-29 17:12:36 INFO logger.Console info Chart: Displaying Sales
2021-10-29 17:12:36 INFO logger.Console info Chart: Saving chart
2021-10-29 17:12:36 INFO logger.Console info Simulation{ID=53, periods=300, buyers=50, markets=7}
2021-10-29 17:12:36 INFO logger.Console info Simulation: Starting 53
2021-10-29 17:12:43 INFO logger.Console info Chart: Displaying Sales
2021-10-29 17:12:43 INFO logger.Console info Chart: Saving chart
2021-10-29 17:12:43 INFO logger.Console info Simulation{ID=54, periods=300, buyers=50, markets=7}
2021-10-29 17:12:43 INFO logger.Console info Simulation: Starting 54
2021-10-29 17:12:50 INFO logger.Console info Chart: Displaying Sales
2021-10-29 17:12:50 INFO logger.Console info Chart: Saving chart
2021-10-29 17:12:50 INFO logger.Console info Simulation{ID=55, periods=300, buyers=50, markets=7}
2021-10-29 17:12:50 INFO logger.Console info Simulation: Starting 55
2021-10-29 17:12:58 INFO logger.Console info Chart: Displaying Sales
2021-10-29 17:12:58 INFO logger.Console info Chart: Saving chart
2021-10-29 17:12:58 INFO logger.Console info Simulation{ID=56, periods=300, buyers=50, markets=7}
2021-10-29 17:12:58 INFO logger.Console info Simulation: Starting 56
2021-10-29 17:13:05 INFO logger.Console info Chart: Displaying Sales
2021-10-29 17:13:05 INFO logger.Console info Chart: Saving chart
2021-10-29 17:13:06 INFO logger.Console info Simulation{ID=57, periods=300, buyers=50, markets=7}
2021-10-29 17:13:06 INFO logger.Console info Simulation: Starting 57
2021-10-29 17:13:13 INFO logger.Console info Chart: Displaying Sales
2021-10-29 17:13:13 INFO logger.Console info Chart: Saving chart
2021-10-29 17:13:13 INFO logger.Console info Simulation{ID=58, periods=300, buyers=50, markets=7}
2021-10-29 17:13:13 INFO logger.Console info Simulation: Starting 58
2021-10-29 17:13:20 INFO logger.Console info Chart: Displaying Sales
2021-10-29 17:13:20 INFO logger.Console info Chart: Saving chart
2021-10-29 17:13:20 INFO logger.Console info Simulation{ID=59, periods=300, buyers=50, markets=7}
2021-10-29 17:13:20 INFO logger.Console info Simulation: Starting 59
2021-10-29 17:13:27 INFO logger.Console info Chart: Displaying Sales
2021-10-29 17:13:27 INFO logger.Console info Chart: Saving chart
2021-10-29 17:13:27 INFO logger.Console info Simulation{ID=60, periods=300, buyers=50, markets=7}
2021-10-29 17:13:27 INFO logger.Console info Simulation: Starting 60
2021-10-29 17:13:34 INFO logger.Console info Chart: Displaying Sales
2021-10-29 17:13:34 INFO logger.Console info Chart: Saving chart
2021-10-29 17:13:34 INFO logger.Console info Simulation{ID=61, periods=300, buyers=50, markets=7}
2021-10-29 17:13:34 INFO logger.Console info Simulation: Starting 61
2021-10-29 17:13:41 INFO logger.Console info Chart: Displaying Sales
2021-10-29 17:13:41 INFO logger.Console info Chart: Saving chart
2021-10-29 17:13:41 INFO logger.Console info Simulation{ID=62, periods=300, buyers=50, markets=7}
2021-10-29 17:13:41 INFO logger.Console info Simulation: Starting 62
2021-10-29 17:13:48 INFO logger.Console info Chart: Displaying Sales
2021-10-29 17:13:48 INFO logger.Console info Chart: Saving chart
2021-10-29 17:13:48 INFO logger.Console info Simulation{ID=63, periods=300, buyers=50, markets=7}
2021-10-29 17:13:48 INFO logger.Console info Simulation: Starting 63
2021-10-29 17:13:55 INFO logger.Console info Chart: Displaying Sales
2021-10-29 17:13:55 INFO logger.Console info Chart: Saving chart
2021-10-29 17:13:55 INFO logger.Console info Simulation{ID=64, periods=300, buyers=50, markets=7}
2021-10-29 17:13:55 INFO logger.Console info Simulation: Starting 64
2021-10-29 17:14:02 INFO logger.Console info Chart: Displaying Sales
2021-10-29 17:14:02 INFO logger.Console info Chart: Saving chart
2021-10-29 17:14:02 INFO logger.Console info Simulation{ID=65, periods=300, buyers=50, markets=7}
2021-10-29 17:14:02 INFO logger.Console info Simulation: Starting 65
2021-10-29 17:14:09 INFO logger.Console info Chart: Displaying Sales
2021-10-29 17:14:09 INFO logger.Console info Chart: Saving chart
2021-10-29 17:14:09 INFO logger.Console info Simulation{ID=66, periods=300, buyers=50, markets=7}
2021-10-29 17:14:09 INFO logger.Console info Simulation: Starting 66
2021-10-29 17:14:16 INFO logger.Console info Chart: Displaying Sales
2021-10-29 17:14:16 INFO logger.Console info Chart: Saving chart
2021-10-29 17:14:16 INFO logger.Console info Simulation{ID=67, periods=300, buyers=50, markets=7}
2021-10-29 17:14:16 INFO logger.Console info Simulation: Starting 67
2021-10-29 17:14:23 INFO logger.Console info Chart: Displaying Sales
2021-10-29 17:14:23 INFO logger.Console info Chart: Saving chart
2021-10-29 17:14:23 INFO logger.Console info Simulation{ID=68, periods=300, buyers=50, markets=7}
2021-10-29 17:14:23 INFO logger.Console info Simulation: Starting 68
2021-10-29 17:14:30 INFO logger.Console info Chart: Displaying Sales
2021-10-29 17:14:30 INFO logger.Console info Chart: Saving chart
2021-10-29 17:14:30 INFO logger.Console info Simulation{ID=69, periods=300, buyers=50, markets=7}
2021-10-29 17:14:30 INFO logger.Console info Simulation: Starting 69
2021-10-29 17:14:37 INFO logger.Console info Chart: Displaying Sales
2021-10-29 17:14:37 INFO logger.Console info Chart: Saving chart
2021-10-29 17:14:37 INFO logger.Console info Simulation{ID=70, periods=300, buyers=50, markets=7}
2021-10-29 17:14:37 INFO logger.Console info Simulation: Starting 70
2021-10-29 17:14:44 INFO logger.Console info Chart: Displaying Sales
2021-10-29 17:14:44 INFO logger.Console info Chart: Saving chart
2021-10-29 17:14:44 INFO logger.Console info Simulation{ID=71, periods=300, buyers=50, markets=7}
2021-10-29 17:14:44 INFO logger.Console info Simulation: Starting 71
2021-10-29 17:14:51 INFO logger.Console info Chart: Displaying Sales
2021-10-29 17:14:51 INFO logger.Console info Chart: Saving chart
2021-10-29 17:14:51 INFO logger.Console info Simulation{ID=72, periods=300, buyers=50, markets=7}
2021-10-29 17:14:51 INFO logger.Console info Simulation: Starting 72
2021-10-29 17:14:57 INFO logger.Console info Chart: Displaying Sales
2021-10-29 17:14:57 INFO logger.Console info Chart: Saving chart
2021-10-29 17:14:57 INFO logger.Console info Simulation{ID=73, periods=300, buyers=50, markets=7}
2021-10-29 17:14:57 INFO logger.Console info Simulation: Starting 73
2021-10-29 17:15:04 INFO logger.Console info Chart: Displaying Sales
2021-10-29 17:15:04 INFO logger.Console info Chart: Saving chart
2021-10-29 17:15:04 INFO logger.Console info Simulation{ID=74, periods=300, buyers=50, markets=7}
2021-10-29 17:15:04 INFO logger.Console info Simulation: Starting 74
2021-10-29 17:15:12 INFO logger.Console info Chart: Displaying Sales
2021-10-29 17:15:12 INFO logger.Console info Chart: Saving chart
2021-10-29 17:15:12 INFO logger.Console info Simulation{ID=75, periods=300, buyers=50, markets=7}
2021-10-29 17:15:12 INFO logger.Console info Simulation: Starting 75
2021-10-29 17:15:18 INFO logger.Console info Chart: Displaying Sales
2021-10-29 17:15:18 INFO logger.Console info Chart: Saving chart
2021-10-29 17:15:18 INFO logger.Console info Simulation{ID=76, periods=300, buyers=50, markets=7}
2021-10-29 17:15:18 INFO logger.Console info Simulation: Starting 76
2021-10-29 17:15:26 INFO logger.Console info Chart: Displaying Sales
2021-10-29 17:15:26 INFO logger.Console info Chart: Saving chart
2021-10-29 17:15:26 INFO logger.Console info Simulation{ID=77, periods=300, buyers=50, markets=7}
2021-10-29 17:15:26 INFO logger.Console info Simulation: Starting 77
2021-10-29 17:15:33 INFO logger.Console info Chart: Displaying Sales
2021-10-29 17:15:33 INFO logger.Console info Chart: Saving chart
2021-10-29 17:15:33 INFO logger.Console info Simulation{ID=78, periods=300, buyers=50, markets=7}
2021-10-29 17:15:33 INFO logger.Console info Simulation: Starting 78
2021-10-29 17:15:40 INFO logger.Console info Chart: Displaying Sales
2021-10-29 17:15:40 INFO logger.Console info Chart: Saving chart
2021-10-29 17:15:40 INFO logger.Console info Simulation{ID=79, periods=300, buyers=50, markets=7}
2021-10-29 17:15:40 INFO logger.Console info Simulation: Starting 79
2021-10-29 17:15:47 INFO logger.Console info Chart: Displaying Sales
2021-10-29 17:15:47 INFO logger.Console info Chart: Saving chart
2021-10-29 17:15:47 INFO logger.Console info Simulation{ID=80, periods=300, buyers=50, markets=7}
2021-10-29 17:15:47 INFO logger.Console info Simulation: Starting 80
2021-10-29 17:15:53 INFO logger.Console info Chart: Displaying Sales
2021-10-29 17:15:53 INFO logger.Console info Chart: Saving chart
2021-10-29 17:15:53 INFO logger.Console info Simulation{ID=81, periods=300, buyers=50, markets=7}
2021-10-29 17:15:53 INFO logger.Console info Simulation: Starting 81
2021-10-29 17:16:00 INFO logger.Console info Chart: Displaying Sales
2021-10-29 17:16:00 INFO logger.Console info Chart: Saving chart
2021-10-29 17:16:01 INFO logger.Console info Simulation{ID=82, periods=300, buyers=50, markets=7}
2021-10-29 17:16:01 INFO logger.Console info Simulation: Starting 82
2021-10-29 17:16:07 INFO logger.Console info Chart: Displaying Sales
2021-10-29 17:16:07 INFO logger.Console info Chart: Saving chart
2021-10-29 17:16:07 INFO logger.Console info Simulation{ID=83, periods=300, buyers=50, markets=7}
2021-10-29 17:16:07 INFO logger.Console info Simulation: Starting 83
2021-10-29 17:16:14 INFO logger.Console info Chart: Displaying Sales
2021-10-29 17:16:14 INFO logger.Console info Chart: Saving chart
2021-10-29 17:16:14 INFO logger.Console info Simulation{ID=84, periods=300, buyers=50, markets=7}
2021-10-29 17:16:14 INFO logger.Console info Simulation: Starting 84
2021-10-29 17:16:21 INFO logger.Console info Chart: Displaying Sales
2021-10-29 17:16:21 INFO logger.Console info Chart: Saving chart
2021-10-29 17:16:21 INFO logger.Console info Simulation{ID=85, periods=300, buyers=50, markets=7}
2021-10-29 17:16:21 INFO logger.Console info Simulation: Starting 85
2021-10-29 17:16:27 INFO logger.Console info Chart: Displaying Sales
2021-10-29 17:16:27 INFO logger.Console info Chart: Saving chart
2021-10-29 17:16:27 INFO logger.Console info Simulation{ID=86, periods=300, buyers=50, markets=7}
2021-10-29 17:16:27 INFO logger.Console info Simulation: Starting 86
2021-10-29 17:16:34 INFO logger.Console info Chart: Displaying Sales
2021-10-29 17:16:34 INFO logger.Console info Chart: Saving chart
2021-10-29 17:16:34 INFO logger.Console info Simulation{ID=87, periods=300, buyers=50, markets=7}
2021-10-29 17:16:34 INFO logger.Console info Simulation: Starting 87
2021-10-29 17:16:40 INFO logger.Console info Chart: Displaying Sales
2021-10-29 17:16:40 INFO logger.Console info Chart: Saving chart
2021-10-29 17:16:40 INFO logger.Console info Simulation{ID=88, periods=300, buyers=50, markets=7}
2021-10-29 17:16:40 INFO logger.Console info Simulation: Starting 88
2021-10-29 17:16:47 INFO logger.Console info Chart: Displaying Sales
2021-10-29 17:16:47 INFO logger.Console info Chart: Saving chart
2021-10-29 17:16:47 INFO logger.Console info Simulation{ID=89, periods=300, buyers=50, markets=7}
2021-10-29 17:16:47 INFO logger.Console info Simulation: Starting 89
2021-10-29 17:16:53 INFO logger.Console info Chart: Displaying Sales
2021-10-29 17:16:53 INFO logger.Console info Chart: Saving chart
2021-10-29 17:16:53 INFO logger.Console info Simulation{ID=90, periods=300, buyers=50, markets=7}
2021-10-29 17:16:53 INFO logger.Console info Simulation: Starting 90
2021-10-29 17:17:00 INFO logger.Console info Chart: Displaying Sales
2021-10-29 17:17:00 INFO logger.Console info Chart: Saving chart
2021-10-29 17:17:00 INFO logger.Console info Simulation{ID=91, periods=300, buyers=50, markets=7}
2021-10-29 17:17:00 INFO logger.Console info Simulation: Starting 91
2021-10-29 17:17:07 INFO logger.Console info Chart: Displaying Sales
2021-10-29 17:17:07 INFO logger.Console info Chart: Saving chart
2021-10-29 17:17:07 INFO logger.Console info Simulation{ID=92, periods=300, buyers=50, markets=7}
2021-10-29 17:17:07 INFO logger.Console info Simulation: Starting 92
2021-10-29 17:17:13 INFO logger.Console info Chart: Displaying Sales
2021-10-29 17:17:13 INFO logger.Console info Chart: Saving chart
2021-10-29 17:17:13 INFO logger.Console info Simulation{ID=93, periods=300, buyers=50, markets=7}
2021-10-29 17:17:13 INFO logger.Console info Simulation: Starting 93
2021-10-29 17:17:20 INFO logger.Console info Chart: Displaying Sales
2021-10-29 17:17:20 INFO logger.Console info Chart: Saving chart
2021-10-29 17:17:20 INFO logger.Console info Simulation{ID=94, periods=300, buyers=50, markets=7}
2021-10-29 17:17:20 INFO logger.Console info Simulation: Starting 94
2021-10-29 17:17:27 INFO logger.Console info Chart: Displaying Sales
2021-10-29 17:17:27 INFO logger.Console info Chart: Saving chart
2021-10-29 17:17:27 INFO logger.Console info Simulation{ID=95, periods=300, buyers=50, markets=7}
2021-10-29 17:17:27 INFO logger.Console info Simulation: Starting 95
2021-10-29 17:17:34 INFO logger.Console info Chart: Displaying Sales
2021-10-29 17:17:34 INFO logger.Console info Chart: Saving chart
2021-10-29 17:17:34 INFO logger.Console info Simulation{ID=96, periods=300, buyers=50, markets=7}
2021-10-29 17:17:34 INFO logger.Console info Simulation: Starting 96
2021-10-29 17:17:41 INFO logger.Console info Chart: Displaying Sales
2021-10-29 17:17:41 INFO logger.Console info Chart: Saving chart
2021-10-29 17:17:41 INFO logger.Console info Simulation{ID=97, periods=300, buyers=50, markets=7}
2021-10-29 17:17:41 INFO logger.Console info Simulation: Starting 97
2021-10-29 17:17:49 INFO logger.Console info Chart: Displaying Sales
2021-10-29 17:17:49 INFO logger.Console info Chart: Saving chart
2021-10-29 17:17:49 INFO logger.Console info Simulation{ID=98, periods=300, buyers=50, markets=7}
2021-10-29 17:17:49 INFO logger.Console info Simulation: Starting 98
2021-10-29 17:17:56 INFO logger.Console info Chart: Displaying Sales
2021-10-29 17:17:56 INFO logger.Console info Chart: Saving chart
2021-10-29 17:17:56 INFO logger.Console info Simulation{ID=99, periods=300, buyers=50, markets=7}
2021-10-29 17:17:56 INFO logger.Console info Simulation: Starting 99
2021-10-29 17:18:03 INFO logger.Console info Chart: Displaying Sales
2021-10-29 17:18:03 INFO logger.Console info Chart: Saving chart
2021-10-29 17:18:03 INFO logger.Console info Simulation{ID=100, periods=300, buyers=50, markets=7}
2021-10-29 17:18:03 INFO logger.Console info Simulation: Starting 100
2021-10-29 17:18:09 INFO logger.Console info Chart: Displaying Sales
2021-10-29 17:18:09 INFO logger.Console info Chart: Saving chart
2021-10-29 17:18:09 INFO logger.Console info Reporter: Adding sheets
2021-10-29 17:18:09 INFO logger.Console info Reporter: Adding Configuration
2021-10-29 17:18:09 INFO logger.Console info Reporter: Adding Sales Per Market: 20000
2021-10-29 17:18:10 INFO logger.Console info Reporter: Adding Sales Per Market: 20000
2021-10-29 17:18:12 INFO logger.Console info Reporter: Adding Agent Decisions: 0
2021-10-29 17:18:12 INFO logger.Console info Reporter: Adding Detailed Agent Decisions: 0
2021-10-29 17:18:12 INFO logger.Console info Reporter: Adding endorsements: 0
2021-10-29 17:18:12 INFO logger.Console info Reporter: Information of Scenario Changes: false
2021-10-29 17:18:12 INFO logger.Console info Reporter: Writing to the disk
2021-10-29 17:18:13 INFO logger.Console info Reporter: File saved.
2021-10-29 17:18:14 INFO logger.Console info Reporter: Folder compressed.
2021-10-29 17:18:14 INFO logger.Console info Main: Simulation executions took 11 mins
2021-10-29 17:18:14 INFO logger.Console info Main: End.
